0 info it worked if it ends with ok
1 verbose cli [ '/usr/bin/node',
1 verbose cli   '/usr/bin/npm',
1 verbose cli   'install',
1 verbose cli   '-g',
1 verbose cli   'swagger-express' ]
2 info using npm@1.4.28
3 info using node@v0.10.37
4 verbose node symlink /usr/bin/node
5 verbose cache add [ 'swagger-express', null ]
6 verbose cache add name=undefined spec="swagger-express" args=["swagger-express",null]
7 verbose parsed url { protocol: null,
7 verbose parsed url   slashes: null,
7 verbose parsed url   auth: null,
7 verbose parsed url   host: null,
7 verbose parsed url   port: null,
7 verbose parsed url   hostname: null,
7 verbose parsed url   hash: null,
7 verbose parsed url   search: null,
7 verbose parsed url   query: null,
7 verbose parsed url   pathname: 'swagger-express',
7 verbose parsed url   path: 'swagger-express',
7 verbose parsed url   href: 'swagger-express' }
8 silly lockFile d8d46dff-swagger-express swagger-express
9 verbose lock swagger-express /home/vaibhav/.npm/d8d46dff-swagger-express.lock
10 silly lockFile d8d46dff-swagger-express swagger-express
11 silly lockFile d8d46dff-swagger-express swagger-express
12 verbose addNamed [ 'swagger-express', '' ]
13 verbose addNamed [ null, '*' ]
14 silly lockFile 7b983e86-swagger-express swagger-express@
15 verbose lock swagger-express@ /home/vaibhav/.npm/7b983e86-swagger-express.lock
16 silly addNameRange { name: 'swagger-express', range: '*', hasData: false }
17 verbose request where is /swagger-express
18 verbose request registry https://registry.npmjs.org/
19 verbose request id 93480c6a755cac84
20 verbose url raw /swagger-express
21 verbose url resolving [ 'https://registry.npmjs.org/', './swagger-express' ]
22 verbose url resolved https://registry.npmjs.org/swagger-express
23 verbose request where is https://registry.npmjs.org/swagger-express
24 info trying registry request attempt 1 at 13:17:31
25 http GET https://registry.npmjs.org/swagger-express
26 http 200 https://registry.npmjs.org/swagger-express
27 silly registry.get cb [ 200,
27 silly registry.get   { server: 'CouchDB/1.5.0 (Erlang OTP/R16B03)',
27 silly registry.get     etag: '"CA1BDH2HYCAWO7D39NYN76NHN"',
27 silly registry.get     'content-type': 'application/json',
27 silly registry.get     'cache-control': 'max-age=60',
27 silly registry.get     'content-length': '11500',
27 silly registry.get     'accept-ranges': 'bytes',
27 silly registry.get     date: 'Fri, 23 Oct 2015 07:47:34 GMT',
27 silly registry.get     via: '1.1 varnish',
27 silly registry.get     age: '0',
27 silly registry.get     connection: 'keep-alive',
27 silly registry.get     'x-served-by': 'cache-fra1244-FRA',
27 silly registry.get     'x-cache': 'MISS',
27 silly registry.get     'x-cache-hits': '0',
27 silly registry.get     'x-timer': 'S1445586454.797912,VS0,VE112',
27 silly registry.get     vary: 'Accept' } ]
28 silly addNameRange number 2 { name: 'swagger-express', range: '*', hasData: true }
29 silly addNameRange versions [ 'swagger-express',
29 silly addNameRange   [ '1.0.0', '1.0.1', '1.0.2', '1.0.4', '1.0.5' ] ]
30 verbose addNamed [ 'swagger-express', '1.0.5' ]
31 verbose addNamed [ '1.0.5', '1.0.5' ]
32 silly lockFile 5b7eda17-swagger-express-1-0-5 swagger-express@1.0.5
33 verbose lock swagger-express@1.0.5 /home/vaibhav/.npm/5b7eda17-swagger-express-1-0-5.lock
34 silly lockFile 8437af4a-xpress-swagger-express-1-0-5-tgz https://registry.npmjs.org/swagger-express/-/swagger-express-1.0.5.tgz
35 verbose lock https://registry.npmjs.org/swagger-express/-/swagger-express-1.0.5.tgz /home/vaibhav/.npm/8437af4a-xpress-swagger-express-1-0-5-tgz.lock
36 verbose addRemoteTarball [ 'https://registry.npmjs.org/swagger-express/-/swagger-express-1.0.5.tgz',
36 verbose addRemoteTarball   'c73000ed846d1b334d734b47c8a34f208678b067' ]
37 info retry fetch attempt 1 at 13:17:32
38 verbose fetch to= /tmp/npm-5467-hn8FBr20/registry.npmjs.org/swagger-express/-/swagger-express-1.0.5.tgz
39 http GET https://registry.npmjs.org/swagger-express/-/swagger-express-1.0.5.tgz
40 http 200 https://registry.npmjs.org/swagger-express/-/swagger-express-1.0.5.tgz
41 silly lockFile 8437af4a-xpress-swagger-express-1-0-5-tgz https://registry.npmjs.org/swagger-express/-/swagger-express-1.0.5.tgz
42 silly lockFile 8437af4a-xpress-swagger-express-1-0-5-tgz https://registry.npmjs.org/swagger-express/-/swagger-express-1.0.5.tgz
43 silly lockFile 5b7eda17-swagger-express-1-0-5 swagger-express@1.0.5
44 silly lockFile 5b7eda17-swagger-express-1-0-5 swagger-express@1.0.5
45 silly lockFile 7b983e86-swagger-express swagger-express@
46 silly lockFile 7b983e86-swagger-express swagger-express@
47 silly resolved [ { name: 'swagger-express',
47 silly resolved     description: 'Document your express rest api by jsDoc or yaml.',
47 silly resolved     version: '1.0.5',
47 silly resolved     author: { name: 'fliptoo', email: 'fliptoo.studio@gmail.com' },
47 silly resolved     main: './index',
47 silly resolved     dependencies:
47 silly resolved      { express: '3.5.1',
47 silly resolved        underscore: '*',
47 silly resolved        doctrine: '*',
47 silly resolved        'js-yaml': '~2.1.0',
47 silly resolved        'coffee-script': '*',
47 silly resolved        async: '~0.2.7' },
47 silly resolved     devDependencies: { jade: '*', jshint: '*' },
47 silly resolved     scripts: { test: 'jshint --config jshint.cfg $(find . -name *.js | grep -v \'./node_modules\')' },
47 silly resolved     keywords:
47 silly resolved      [ 'swagger',
47 silly resolved        'swagger-ui',
47 silly resolved        'express',
47 silly resolved        'api',
47 silly resolved        'jsdoc',
47 silly resolved        'yml',
47 silly resolved        'yaml',
47 silly resolved        'coffee-script',
47 silly resolved        'restful' ],
47 silly resolved     repository: { type: 'git', url: 'git://github.com/fliptoo/swagger-express' },
47 silly resolved     bugs: { url: 'https://github.com/fliptoo/swagger-express/issues' },
47 silly resolved     _id: 'swagger-express@1.0.5',
47 silly resolved     dist:
47 silly resolved      { shasum: 'c73000ed846d1b334d734b47c8a34f208678b067',
47 silly resolved        tarball: 'http://registry.npmjs.org/swagger-express/-/swagger-express-1.0.5.tgz' },
47 silly resolved     _from: 'swagger-express@',
47 silly resolved     _npmVersion: '1.3.11',
47 silly resolved     _npmUser: { name: 'fliptoo', email: 'fliptoo.studio@gmail.com' },
47 silly resolved     maintainers: [ [Object] ],
47 silly resolved     directories: {},
47 silly resolved     _shasum: 'c73000ed846d1b334d734b47c8a34f208678b067',
47 silly resolved     _resolved: 'https://registry.npmjs.org/swagger-express/-/swagger-express-1.0.5.tgz' } ]
48 info install swagger-express@1.0.5 into /usr/lib
49 info installOne swagger-express@1.0.5
50 verbose lib/node_modules/swagger-express unbuild
51 verbose tar unpack /home/vaibhav/.npm/swagger-express/1.0.5/package.tgz
52 silly lockFile 2b40ac64-lib-node-modules-swagger-express tar:///usr/lib/node_modules/swagger-express
53 verbose lock tar:///usr/lib/node_modules/swagger-express /home/vaibhav/.npm/2b40ac64-lib-node-modules-swagger-express.lock
54 silly lockFile 7f2a0607-wagger-express-1-0-5-package-tgz tar:///home/vaibhav/.npm/swagger-express/1.0.5/package.tgz
55 verbose lock tar:///home/vaibhav/.npm/swagger-express/1.0.5/package.tgz /home/vaibhav/.npm/7f2a0607-wagger-express-1-0-5-package-tgz.lock
56 silly gunzTarPerm modes [ '775', '664' ]
57 error Error: EACCES, mkdir '/usr/lib/node_modules/swagger-express'
57 error  { [Error: EACCES, mkdir '/usr/lib/node_modules/swagger-express']
57 error   errno: 3,
57 error   code: 'EACCES',
57 error   path: '/usr/lib/node_modules/swagger-express',
57 error   fstream_type: 'Directory',
57 error   fstream_path: '/usr/lib/node_modules/swagger-express',
57 error   fstream_class: 'DirWriter',
57 error   fstream_stack:
57 error    [ '/usr/lib/node_modules/npm/node_modules/fstream/lib/dir-writer.js:36:23',
57 error      '/usr/lib/node_modules/npm/node_modules/mkdirp/index.js:46:53',
57 error      'Object.oncomplete (fs.js:108:15)' ] }
58 error Please try running this command again as root/Administrator.
59 error System Linux 3.13.0-24-generic
60 error command "/usr/bin/node" "/usr/bin/npm" "install" "-g" "swagger-express"
61 error cwd /home/vaibhav/Desktop/skillshare/mie_proj
62 error node -v v0.10.37
63 error npm -v 1.4.28
64 error path /usr/lib/node_modules/swagger-express
65 error fstream_path /usr/lib/node_modules/swagger-express
66 error fstream_type Directory
67 error fstream_class DirWriter
68 error code EACCES
69 error errno 3
70 error stack Error: EACCES, mkdir '/usr/lib/node_modules/swagger-express'
71 error fstream_stack /usr/lib/node_modules/npm/node_modules/fstream/lib/dir-writer.js:36:23
71 error fstream_stack /usr/lib/node_modules/npm/node_modules/mkdirp/index.js:46:53
71 error fstream_stack Object.oncomplete (fs.js:108:15)
72 verbose exit [ 3, true ]
